# JRE version: OpenJDK Runtime Environment Temurin-17.0.6+10 (17.0.6+10) (build 17.0.6+10)
# Java VM: OpenJDK 64-Bit Server VM Temurin-17.0.6+10 (17.0.6+10, mixed mode, tiered, compressed oops, compressed class ptrs, g1 gc, windows-amd64)
GC Precious Log:
 CPUs: 12 total, 12 available
 Memory: 16301M
 Large Page Support: Disabled
 NUMA Support: Disabled
 Compressed Oops: Enabled (Zero based)
 Heap Region Size: 2M
 Heap Min Capacity: 8M
 Heap Initial Capacity: 256M
 Heap Max Capacity: 4076M
 Pre-touch: Disabled
 Parallel Workers: 10
 Concurrent Workers: 3
 Concurrent Refinement Workers: 10
 Periodic GC: Disabled
Heap:
 garbage-first heap   total 229376K, used 95360K [0x0000000701400000, 0x0000000800000000)
  region size 2048K, 23 young (47104K), 3 survivors (6144K)
 Metaspace       used 82844K, committed 83392K, reserved 1122304K
  class space    used 10816K, committed 11072K, reserved 1048576K
GC Heap History (20 events):
Event: 4.459 GC heap before
{Heap before GC invocations=28 (full 0):
 garbage-first heap   total 157696K, used 111770K [0x0000000701400000, 0x0000000800000000)
  region size 2048K, 33 young (67584K), 1 survivors (2048K)
 Metaspace       used 75694K, committed 76224K, reserved 1122304K
  class space    used 10056K, committed 10304K, reserved 1048576K
}
Event: 4.462 GC heap after
{Heap after GC invocations=29 (full 0):
 garbage-first heap   total 157696K, used 54905K [0x0000000701400000, 0x0000000800000000)
  region size 2048K, 4 young (8192K), 4 survivors (8192K)
 Metaspace       used 75694K, committed 76224K, reserved 1122304K
  class space    used 10056K, committed 10304K, reserved 1048576K
}
Event: 22.377 GC heap before
{Heap before GC invocations=29 (full 0):
 garbage-first heap   total 157696K, used 87673K [0x0000000701400000, 0x0000000800000000)
  region size 2048K, 21 young (43008K), 4 survivors (8192K)
 Metaspace       used 76802K, committed 77376K, reserved 1122304K
  class space    used 10192K, committed 10432K, reserved 1048576K
}
Event: 22.403 GC heap after
{Heap after GC invocations=30 (full 1):
 garbage-first heap   total 102400K, used 25979K [0x0000000701400000, 0x0000000800000000)
  region size 2048K, 0 young (0K), 0 survivors (0K)
 Metaspace       used 76802K, committed 77376K, reserved 1122304K
  class space    used 10192K, committed 10432K, reserved 1048576K
}
Event: 22.740 GC heap before
{Heap before GC invocations=30 (full 1):
 garbage-first heap   total 102400K, used 68987K [0x0000000701400000, 0x0000000800000000)
  region size 2048K, 21 young (43008K), 0 survivors (0K)
 Metaspace       used 77332K, committed 77888K, reserved 1122304K
  class space    used 10221K, committed 10496K, reserved 1048576K
}
Event: 22.741 GC heap after
{Heap after GC invocations=31 (full 1):
 garbage-first heap   total 102400K, used 29692K [0x0000000701400000, 0x0000000800000000)
  region size 2048K, 2 young (4096K), 2 survivors (4096K)
 Metaspace       used 77332K, committed 77888K, reserved 1122304K
  class space    used 10221K, committed 10496K, reserved 1048576K
}
Event: 22.941 GC heap before
{Heap before GC invocations=31 (full 1):
 garbage-first heap   total 102400K, used 70652K [0x0000000701400000, 0x0000000800000000)
  region size 2048K, 22 young (45056K), 2 survivors (4096K)
 Metaspace       used 78173K, committed 78784K, reserved 1122304K
  class space    used 10267K, committed 10560K, reserved 1048576K
}
Event: 22.943 GC heap after
{Heap after GC invocations=32 (full 1):
 garbage-first heap   total 102400K, used 31716K [0x0000000701400000, 0x0000000800000000)
  region size 2048K, 2 young (4096K), 2 survivors (4096K)
 Metaspace       used 78173K, committed 78784K, reserved 1122304K
  class space    used 10267K, committed 10560K, reserved 1048576K
}
Event: 23.033 GC heap before
{Heap before GC invocations=32 (full 1):
 garbage-first heap   total 102400K, used 72676K [0x0000000701400000, 0x0000000800000000)
  region size 2048K, 22 young (45056K), 2 survivors (4096K)
 Metaspace       used 78548K, committed 79168K, reserved 1122304K
  class space    used 10290K, committed 10560K, reserved 1048576K
}
Event: 23.035 GC heap after
{Heap after GC invocations=33 (full 1):
 garbage-first heap   total 102400K, used 32386K [0x0000000701400000, 0x0000000800000000)
  region size 2048K, 2 young (4096K), 2 survivors (4096K)
 Metaspace       used 78548K, committed 79168K, reserved 1122304K
  class space    used 10290K, committed 10560K, reserved 1048576K
}
Event: 23.133 GC heap before
{Heap before GC invocations=33 (full 1):
 garbage-first heap   total 102400K, used 71298K [0x0000000701400000, 0x0000000800000000)
  region size 2048K, 22 young (45056K), 2 survivors (4096K)
 Metaspace       used 78688K, committed 79232K, reserved 1122304K
  class space    used 10292K, committed 10560K, reserved 1048576K
}
Event: 23.136 GC heap after
{Heap after GC invocations=34 (full 1):
 garbage-first heap   total 102400K, used 37824K [0x0000000701400000, 0x0000000800000000)
  region size 2048K, 3 young (6144K), 3 survivors (6144K)
 Metaspace       used 78688K, committed 79232K, reserved 1122304K
  class space    used 10292K, committed 10560K, reserved 1048576K
}
Event: 23.183 GC heap before
{Heap before GC invocations=34 (full 1):
 garbage-first heap   total 102400K, used 72640K [0x0000000701400000, 0x0000000800000000)
  region size 2048K, 21 young (43008K), 3 survivors (6144K)
 Metaspace       used 78739K, committed 79360K, reserved 1122304K
  class space    used 10296K, committed 10560K, reserved 1048576K
}
Event: 23.187 GC heap after
{Heap after GC invocations=35 (full 1):
 garbage-first heap   total 102400K, used 46660K [0x0000000701400000, 0x0000000800000000)
  region size 2048K, 3 young (6144K), 3 survivors (6144K)
 Metaspace       used 78739K, committed 79360K, reserved 1122304K
  class space    used 10296K, committed 10560K, reserved 1048576K
}
Event: 23.228 GC heap before
{Heap before GC invocations=35 (full 1):
 garbage-first heap   total 102400K, used 71236K [0x0000000701400000, 0x0000000800000000)
  region size 2048K, 16 young (32768K), 3 survivors (6144K)
 Metaspace       used 78766K, committed 79360K, reserved 1122304K
  class space    used 10296K, committed 10560K, reserved 1048576K
}
Event: 23.233 GC heap after
{Heap after GC invocations=36 (full 1):
 garbage-first heap   total 229376K, used 54400K [0x0000000701400000, 0x0000000800000000)
  region size 2048K, 2 young (4096K), 2 survivors (4096K)
 Metaspace       used 78766K, committed 79360K, reserved 1122304K
  class space    used 10296K, committed 10560K, reserved 1048576K
}
Event: 27.193 GC heap before
{Heap before GC invocations=37 (full 1):
 garbage-first heap   total 229376K, used 152704K [0x0000000701400000, 0x0000000800000000)
  region size 2048K, 51 young (104448K), 2 survivors (4096K)
 Metaspace       used 80665K, committed 81280K, reserved 1122304K
  class space    used 10539K, committed 10816K, reserved 1048576K
}
Event: 27.195 GC heap after
{Heap after GC invocations=38 (full 1):
 garbage-first heap   total 229376K, used 56017K [0x0000000701400000, 0x0000000800000000)
  region size 2048K, 3 young (6144K), 3 survivors (6144K)
 Metaspace       used 80665K, committed 81280K, reserved 1122304K
  class space    used 10539K, committed 10816K, reserved 1048576K
}
Event: 1292.683 GC heap before
{Heap before GC invocations=38 (full 1):
 garbage-first heap   total 229376K, used 168657K [0x0000000701400000, 0x0000000800000000)
  region size 2048K, 58 young (118784K), 3 survivors (6144K)
 Metaspace       used 82835K, committed 83392K, reserved 1122304K
  class space    used 10816K, committed 11072K, reserved 1048576K
}
Event: 1292.685 GC heap after
{Heap after GC invocations=39 (full 1):
 garbage-first heap   total 229376K, used 56448K [0x0000000701400000, 0x0000000800000000)
  region size 2048K, 3 young (6144K), 3 survivors (6144K)
 Metaspace       used 82835K, committed 83392K, reserved 1122304K
  class space    used 10816K, committed 11072K, reserved 1048576K
}

