# JRE version: OpenJDK Runtime Environment Temurin-17.0.6+10 (17.0.6+10) (build 17.0.6+10)
# Java VM: OpenJDK 64-Bit Server VM Temurin-17.0.6+10 (17.0.6+10, mixed mode, emulated-client, tiered, compressed oops, compressed class ptrs, g1 gc, windows-amd64)
GC Precious Log:
 CPUs: 12 total, 12 available
 Memory: 16301M
 Large Page Support: Disabled
 NUMA Support: Disabled
 Compressed Oops: Enabled (32-bit)
 Heap Region Size: 1M
 Heap Min Capacity: 8M
 Heap Initial Capacity: 256M
 Heap Max Capacity: 1G
 Pre-touch: Disabled
 Parallel Workers: 10
 Concurrent Workers: 3
 Concurrent Refinement Workers: 10
 Periodic GC: Disabled
Heap:
 garbage-first heap   total 235520K, used 195057K [0x00000000c0000000, 0x0000000100000000)
  region size 1024K, 104 young (106496K), 10 survivors (10240K)
 Metaspace       used 71177K, committed 71616K, reserved 1114112K
  class space    used 9654K, committed 9856K, reserved 1048576K
GC Heap History (20 events):
Event: 12550.197 GC heap after
{Heap after GC invocations=1441 (full 930):
 garbage-first heap   total 235520K, used 98901K [0x00000000c0000000, 0x0000000100000000)
  region size 1024K, 3 young (3072K), 3 survivors (3072K)
 Metaspace       used 71177K, committed 71616K, reserved 1114112K
  class space    used 9654K, committed 9856K, reserved 1048576K
}
Event: 12551.417 GC heap before
{Heap before GC invocations=1441 (full 930):
 garbage-first heap   total 235520K, used 194133K [0x00000000c0000000, 0x0000000100000000)
  region size 1024K, 96 young (98304K), 3 survivors (3072K)
 Metaspace       used 71177K, committed 71616K, reserved 1114112K
  class space    used 9654K, committed 9856K, reserved 1048576K
}
Event: 12551.419 GC heap after
{Heap after GC invocations=1442 (full 930):
 garbage-first heap   total 235520K, used 102254K [0x00000000c0000000, 0x0000000100000000)
  region size 1024K, 7 young (7168K), 7 survivors (7168K)
 Metaspace       used 71177K, committed 71616K, reserved 1114112K
  class space    used 9654K, committed 9856K, reserved 1048576K
}
Event: 12554.046 GC heap before
{Heap before GC invocations=1442 (full 930):
 garbage-first heap   total 235520K, used 193390K [0x00000000c0000000, 0x0000000100000000)
  region size 1024K, 96 young (98304K), 7 survivors (7168K)
 Metaspace       used 71177K, committed 71616K, reserved 1114112K
  class space    used 9654K, committed 9856K, reserved 1048576K
}
Event: 12554.049 GC heap after
{Heap after GC invocations=1443 (full 930):
 garbage-first heap   total 235520K, used 104360K [0x00000000c0000000, 0x0000000100000000)
  region size 1024K, 9 young (9216K), 9 survivors (9216K)
 Metaspace       used 71177K, committed 71616K, reserved 1114112K
  class space    used 9654K, committed 9856K, reserved 1048576K
}
Event: 12555.700 GC heap before
{Heap before GC invocations=1443 (full 930):
 garbage-first heap   total 235520K, used 191400K [0x00000000c0000000, 0x0000000100000000)
  region size 1024K, 94 young (96256K), 9 survivors (9216K)
 Metaspace       used 71177K, committed 71616K, reserved 1114112K
  class space    used 9654K, committed 9856K, reserved 1048576K
}
Event: 12555.702 GC heap after
{Heap after GC invocations=1444 (full 930):
 garbage-first heap   total 235520K, used 98538K [0x00000000c0000000, 0x0000000100000000)
  region size 1024K, 3 young (3072K), 3 survivors (3072K)
 Metaspace       used 71177K, committed 71616K, reserved 1114112K
  class space    used 9654K, committed 9856K, reserved 1048576K
}
Event: 12559.675 GC heap before
{Heap before GC invocations=1444 (full 930):
 garbage-first heap   total 235520K, used 191722K [0x00000000c0000000, 0x0000000100000000)
  region size 1024K, 95 young (97280K), 3 survivors (3072K)
 Metaspace       used 71177K, committed 71616K, reserved 1114112K
  class space    used 9654K, committed 9856K, reserved 1048576K
}
Event: 12559.677 GC heap after
{Heap after GC invocations=1445 (full 930):
 garbage-first heap   total 235520K, used 102136K [0x00000000c0000000, 0x0000000100000000)
  region size 1024K, 6 young (6144K), 6 survivors (6144K)
 Metaspace       used 71177K, committed 71616K, reserved 1114112K
  class space    used 9654K, committed 9856K, reserved 1048576K
}
Event: 12560.814 GC heap before
{Heap before GC invocations=1445 (full 930):
 garbage-first heap   total 235520K, used 193272K [0x00000000c0000000, 0x0000000100000000)
  region size 1024K, 95 young (97280K), 6 survivors (6144K)
 Metaspace       used 71177K, committed 71616K, reserved 1114112K
  class space    used 9654K, committed 9856K, reserved 1048576K
}
Event: 12560.817 GC heap after
{Heap after GC invocations=1446 (full 930):
 garbage-first heap   total 235520K, used 104955K [0x00000000c0000000, 0x0000000100000000)
  region size 1024K, 9 young (9216K), 9 survivors (9216K)
 Metaspace       used 71177K, committed 71616K, reserved 1114112K
  class space    used 9654K, committed 9856K, reserved 1048576K
}
Event: 12611.273 GC heap before
{Heap before GC invocations=1446 (full 930):
 garbage-first heap   total 235520K, used 190971K [0x00000000c0000000, 0x0000000100000000)
  region size 1024K, 93 young (95232K), 9 survivors (9216K)
 Metaspace       used 71177K, committed 71616K, reserved 1114112K
  class space    used 9654K, committed 9856K, reserved 1048576K
}
Event: 12611.276 GC heap after
{Heap after GC invocations=1447 (full 930):
 garbage-first heap   total 235520K, used 100349K [0x00000000c0000000, 0x0000000100000000)
  region size 1024K, 4 young (4096K), 4 survivors (4096K)
 Metaspace       used 71177K, committed 71616K, reserved 1114112K
  class space    used 9654K, committed 9856K, reserved 1048576K
}
Event: 12612.403 GC heap before
{Heap before GC invocations=1447 (full 930):
 garbage-first heap   total 235520K, used 193533K [0x00000000c0000000, 0x0000000100000000)
  region size 1024K, 95 young (97280K), 4 survivors (4096K)
 Metaspace       used 71177K, committed 71616K, reserved 1114112K
  class space    used 9654K, committed 9856K, reserved 1048576K
}
Event: 12612.404 GC heap after
{Heap after GC invocations=1448 (full 930):
 garbage-first heap   total 235520K, used 98279K [0x00000000c0000000, 0x0000000100000000)
  region size 1024K, 2 young (2048K), 2 survivors (2048K)
 Metaspace       used 71177K, committed 71616K, reserved 1114112K
  class space    used 9654K, committed 9856K, reserved 1048576K
}
Event: 12613.382 GC heap before
{Heap before GC invocations=1448 (full 930):
 garbage-first heap   total 235520K, used 195559K [0x00000000c0000000, 0x0000000100000000)
  region size 1024K, 97 young (99328K), 2 survivors (2048K)
 Metaspace       used 71177K, committed 71616K, reserved 1114112K
  class space    used 9654K, committed 9856K, reserved 1048576K
}
Event: 12613.385 GC heap after
{Heap after GC invocations=1449 (full 930):
 garbage-first heap   total 235520K, used 104202K [0x00000000c0000000, 0x0000000100000000)
  region size 1024K, 8 young (8192K), 8 survivors (8192K)
 Metaspace       used 71177K, committed 71616K, reserved 1114112K
  class space    used 9654K, committed 9856K, reserved 1048576K
}
Event: 12623.639 GC heap before
{Heap before GC invocations=1449 (full 930):
 garbage-first heap   total 235520K, used 193290K [0x00000000c0000000, 0x0000000100000000)
  region size 1024K, 95 young (97280K), 8 survivors (8192K)
 Metaspace       used 71177K, committed 71616K, reserved 1114112K
  class space    used 9654K, committed 9856K, reserved 1048576K
}
Event: 12623.641 GC heap after
{Heap after GC invocations=1450 (full 930):
 garbage-first heap   total 235520K, used 98801K [0x00000000c0000000, 0x0000000100000000)
  region size 1024K, 3 young (3072K), 3 survivors (3072K)
 Metaspace       used 71177K, committed 71616K, reserved 1114112K
  class space    used 9654K, committed 9856K, reserved 1048576K
}
Event: 12624.798 GC heap before
{Heap before GC invocations=1450 (full 930):
 garbage-first heap   total 235520K, used 195057K [0x00000000c0000000, 0x0000000100000000)
  region size 1024K, 97 young (99328K), 3 survivors (3072K)
 Metaspace       used 71177K, committed 71616K, reserved 1114112K
  class space    used 9654K, committed 9856K, reserved 1048576K
}

