# JRE version: OpenJDK Runtime Environment Temurin-17.0.6+10 (17.0.6+10) (build 17.0.6+10)
# Java VM: OpenJDK 64-Bit Server VM Temurin-17.0.6+10 (17.0.6+10, mixed mode, tiered, compressed oops, compressed class ptrs, g1 gc, windows-amd64)
GC Precious Log:
 CPUs: 12 total, 12 available
 Memory: 16301M
 Large Page Support: Disabled
 NUMA Support: Disabled
 Compressed Oops: Enabled (Zero based)
 Heap Region Size: 2M
 Heap Min Capacity: 8M
 Heap Initial Capacity: 256M
 Heap Max Capacity: 4076M
 Pre-touch: Disabled
 Parallel Workers: 10
 Concurrent Workers: 3
 Concurrent Refinement Workers: 10
 Periodic GC: Disabled
Heap:
 garbage-first heap   total 202752K, used 132013K [0x0000000701400000, 0x0000000800000000)
  region size 2048K, 42 young (86016K), 1 survivors (2048K)
 Metaspace       used 104273K, committed 105344K, reserved 1146880K
  class space    used 12503K, committed 13056K, reserved 1048576K
GC Heap History (20 events):
Event: 1928.234 GC heap after
{Heap after GC invocations=121 (full 13):
 garbage-first heap   total 184320K, used 66146K [0x0000000701400000, 0x0000000800000000)
  region size 2048K, 4 young (8192K), 4 survivors (8192K)
 Metaspace       used 102881K, committed 103936K, reserved 1146880K
  class space    used 12411K, committed 12992K, reserved 1048576K
}
Event: 1928.328 GC heap before
{Heap before GC invocations=122 (full 13):
 garbage-first heap   total 204800K, used 139874K [0x0000000701400000, 0x0000000800000000)
  region size 2048K, 40 young (81920K), 4 survivors (8192K)
 Metaspace       used 103036K, committed 104064K, reserved 1146880K
  class space    used 12419K, committed 12992K, reserved 1048576K
}
Event: 1928.329 GC heap after
{Heap after GC invocations=123 (full 13):
 garbage-first heap   total 204800K, used 61479K [0x0000000701400000, 0x0000000800000000)
  region size 2048K, 1 young (2048K), 1 survivors (2048K)
 Metaspace       used 103036K, committed 104064K, reserved 1146880K
  class space    used 12419K, committed 12992K, reserved 1048576K
}
Event: 1945.128 GC heap before
{Heap before GC invocations=123 (full 13):
 garbage-first heap   total 204800K, used 71719K [0x0000000701400000, 0x0000000800000000)
  region size 2048K, 7 young (14336K), 1 survivors (2048K)
 Metaspace       used 103042K, committed 104192K, reserved 1146880K
  class space    used 12420K, committed 12992K, reserved 1048576K
}
Event: 1945.162 GC heap after
{Heap after GC invocations=124 (full 14):
 garbage-first heap   total 137216K, used 35993K [0x0000000701400000, 0x0000000800000000)
  region size 2048K, 0 young (0K), 0 survivors (0K)
 Metaspace       used 103029K, committed 104192K, reserved 1146880K
  class space    used 12417K, committed 12992K, reserved 1048576K
}
Event: 1945.429 GC heap before
{Heap before GC invocations=124 (full 14):
 garbage-first heap   total 137216K, used 105625K [0x0000000701400000, 0x0000000800000000)
  region size 2048K, 34 young (69632K), 0 survivors (0K)
 Metaspace       used 103699K, committed 104832K, reserved 1146880K
  class space    used 12469K, committed 13056K, reserved 1048576K
}
Event: 1945.431 GC heap after
{Heap after GC invocations=125 (full 14):
 garbage-first heap   total 137216K, used 40853K [0x0000000701400000, 0x0000000800000000)
  region size 2048K, 3 young (6144K), 3 survivors (6144K)
 Metaspace       used 103699K, committed 104832K, reserved 1146880K
  class space    used 12469K, committed 13056K, reserved 1048576K
}
Event: 1945.534 GC heap before
{Heap before GC invocations=125 (full 14):
 garbage-first heap   total 137216K, used 102293K [0x0000000701400000, 0x0000000800000000)
  region size 2048K, 34 young (69632K), 3 survivors (6144K)
 Metaspace       used 104060K, committed 105152K, reserved 1146880K
  class space    used 12491K, committed 13056K, reserved 1048576K
}
Event: 1945.537 GC heap after
{Heap after GC invocations=126 (full 14):
 garbage-first heap   total 137216K, used 43061K [0x0000000701400000, 0x0000000800000000)
  region size 2048K, 4 young (8192K), 4 survivors (8192K)
 Metaspace       used 104060K, committed 105152K, reserved 1146880K
  class space    used 12491K, committed 13056K, reserved 1048576K
}
Event: 1945.592 GC heap before
{Heap before GC invocations=126 (full 14):
 garbage-first heap   total 137216K, used 102453K [0x0000000701400000, 0x0000000800000000)
  region size 2048K, 34 young (69632K), 4 survivors (8192K)
 Metaspace       used 104084K, committed 105152K, reserved 1146880K
  class space    used 12491K, committed 13056K, reserved 1048576K
}
Event: 1945.595 GC heap after
{Heap after GC invocations=127 (full 14):
 garbage-first heap   total 137216K, used 47272K [0x0000000701400000, 0x0000000800000000)
  region size 2048K, 4 young (8192K), 4 survivors (8192K)
 Metaspace       used 104084K, committed 105152K, reserved 1146880K
  class space    used 12491K, committed 13056K, reserved 1048576K
}
Event: 1945.636 GC heap before
{Heap before GC invocations=127 (full 14):
 garbage-first heap   total 137216K, used 100520K [0x0000000701400000, 0x0000000800000000)
  region size 2048K, 31 young (63488K), 4 survivors (8192K)
 Metaspace       used 104084K, committed 105152K, reserved 1146880K
  class space    used 12491K, committed 13056K, reserved 1048576K
}
Event: 1945.640 GC heap after
{Heap after GC invocations=128 (full 14):
 garbage-first heap   total 137216K, used 52267K [0x0000000701400000, 0x0000000800000000)
  region size 2048K, 4 young (8192K), 4 survivors (8192K)
 Metaspace       used 104084K, committed 105152K, reserved 1146880K
  class space    used 12491K, committed 13056K, reserved 1048576K
}
Event: 1945.691 GC heap before
{Heap before GC invocations=128 (full 14):
 garbage-first heap   total 137216K, used 101419K [0x0000000701400000, 0x0000000800000000)
  region size 2048K, 28 young (57344K), 4 survivors (8192K)
 Metaspace       used 104124K, committed 105216K, reserved 1146880K
  class space    used 12494K, committed 13056K, reserved 1048576K
}
Event: 1945.693 GC heap after
{Heap after GC invocations=129 (full 14):
 garbage-first heap   total 137216K, used 49991K [0x0000000701400000, 0x0000000800000000)
  region size 2048K, 1 young (2048K), 1 survivors (2048K)
 Metaspace       used 104124K, committed 105216K, reserved 1146880K
  class space    used 12494K, committed 13056K, reserved 1048576K
}
Event: 2027.246 GC heap before
{Heap before GC invocations=129 (full 14):
 garbage-first heap   total 137216K, used 103239K [0x0000000701400000, 0x0000000800000000)
  region size 2048K, 27 young (55296K), 1 survivors (2048K)
 Metaspace       used 104265K, committed 105344K, reserved 1146880K
  class space    used 12503K, committed 13056K, reserved 1048576K
}
Event: 2027.248 GC heap after
{Heap after GC invocations=130 (full 14):
 garbage-first heap   total 202752K, used 49988K [0x0000000701400000, 0x0000000800000000)
  region size 2048K, 1 young (2048K), 1 survivors (2048K)
 Metaspace       used 104265K, committed 105344K, reserved 1146880K
  class space    used 12503K, committed 13056K, reserved 1048576K
}
Event: 2294.627 GC heap before
{Heap before GC invocations=130 (full 14):
 garbage-first heap   total 202752K, used 158532K [0x0000000701400000, 0x0000000800000000)
  region size 2048K, 54 young (110592K), 1 survivors (2048K)
 Metaspace       used 104267K, committed 105344K, reserved 1146880K
  class space    used 12503K, committed 13056K, reserved 1048576K
}
Event: 2294.629 GC heap after
{Heap after GC invocations=131 (full 14):
 garbage-first heap   total 202752K, used 49921K [0x0000000701400000, 0x0000000800000000)
  region size 2048K, 1 young (2048K), 1 survivors (2048K)
 Metaspace       used 104267K, committed 105344K, reserved 1146880K
  class space    used 12503K, committed 13056K, reserved 1048576K
}
Event: 2490.073 GC heap before
{Heap before GC invocations=131 (full 14):
 garbage-first heap   total 202752K, used 131841K [0x0000000701400000, 0x0000000800000000)
  region size 2048K, 42 young (86016K), 1 survivors (2048K)
 Metaspace       used 104273K, committed 105344K, reserved 1146880K
  class space    used 12503K, committed 13056K, reserved 1048576K
}

