# JRE version: OpenJDK Runtime Environment Temurin-17.0.6+10 (17.0.6+10) (build 17.0.6+10)
# Java VM: OpenJDK 64-Bit Server VM Temurin-17.0.6+10 (17.0.6+10, mixed mode, tiered, compressed oops, compressed class ptrs, g1 gc, windows-amd64)
GC Precious Log:
 CPUs: 12 total, 12 available
 Memory: 16301M
 Large Page Support: Disabled
 NUMA Support: Disabled
 Compressed Oops: Enabled (Zero based)
 Heap Region Size: 2M
 Heap Min Capacity: 8M
 Heap Initial Capacity: 256M
 Heap Max Capacity: 4076M
 Pre-touch: Disabled
 Parallel Workers: 10
 Concurrent Workers: 3
 Concurrent Refinement Workers: 10
 Periodic GC: Disabled
Heap:
 garbage-first heap   total 69632K, used 23841K [0x0000000701400000, 0x0000000800000000)
  region size 2048K, 3 young (6144K), 2 survivors (4096K)
 Metaspace       used 60340K, committed 60800K, reserved 1105920K
  class space    used 7880K, committed 8064K, reserved 1048576K
GC Heap History (20 events):
Event: 0.985 GC heap before
{Heap before GC invocations=4 (full 0):
 garbage-first heap   total 49152K, used 33535K [0x0000000701400000, 0x0000000800000000)
  region size 2048K, 15 young (30720K), 2 survivors (4096K)
 Metaspace       used 26231K, committed 26432K, reserved 1073152K
  class space    used 3185K, committed 3264K, reserved 1048576K
}
Event: 0.988 GC heap after
{Heap after GC invocations=5 (full 0):
 garbage-first heap   total 49152K, used 11350K [0x0000000701400000, 0x0000000800000000)
  region size 2048K, 3 young (6144K), 3 survivors (6144K)
 Metaspace       used 26231K, committed 26432K, reserved 1073152K
  class space    used 3185K, committed 3264K, reserved 1048576K
}
Event: 1.009 GC heap before
{Heap before GC invocations=5 (full 0):
 garbage-first heap   total 49152K, used 13398K [0x0000000701400000, 0x0000000800000000)
  region size 2048K, 4 young (8192K), 3 survivors (6144K)
 Metaspace       used 26327K, committed 26496K, reserved 1073152K
  class space    used 3197K, committed 3264K, reserved 1048576K
}
Event: 1.011 GC heap after
{Heap after GC invocations=6 (full 0):
 garbage-first heap   total 49152K, used 11964K [0x0000000701400000, 0x0000000800000000)
  region size 2048K, 1 young (2048K), 1 survivors (2048K)
 Metaspace       used 26327K, committed 26496K, reserved 1073152K
  class space    used 3197K, committed 3264K, reserved 1048576K
}
Event: 1.214 GC heap before
{Heap before GC invocations=6 (full 0):
 garbage-first heap   total 49152K, used 30396K [0x0000000701400000, 0x0000000800000000)
  region size 2048K, 10 young (20480K), 1 survivors (2048K)
 Metaspace       used 28250K, committed 28416K, reserved 1081344K
  class space    used 3425K, committed 3520K, reserved 1048576K
}
Event: 1.215 GC heap after
{Heap after GC invocations=7 (full 0):
 garbage-first heap   total 49152K, used 12664K [0x0000000701400000, 0x0000000800000000)
  region size 2048K, 1 young (2048K), 1 survivors (2048K)
 Metaspace       used 28250K, committed 28416K, reserved 1081344K
  class space    used 3425K, committed 3520K, reserved 1048576K
}
Event: 1.445 GC heap before
{Heap before GC invocations=7 (full 0):
 garbage-first heap   total 49152K, used 31096K [0x0000000701400000, 0x0000000800000000)
  region size 2048K, 10 young (20480K), 1 survivors (2048K)
 Metaspace       used 30603K, committed 30784K, reserved 1081344K
  class space    used 3713K, committed 3776K, reserved 1048576K
}
Event: 1.448 GC heap after
{Heap after GC invocations=8 (full 0):
 garbage-first heap   total 49152K, used 13839K [0x0000000701400000, 0x0000000800000000)
  region size 2048K, 2 young (4096K), 2 survivors (4096K)
 Metaspace       used 30603K, committed 30784K, reserved 1081344K
  class space    used 3713K, committed 3776K, reserved 1048576K
}
Event: 1.701 GC heap before
{Heap before GC invocations=8 (full 0):
 garbage-first heap   total 49152K, used 32271K [0x0000000701400000, 0x0000000800000000)
  region size 2048K, 11 young (22528K), 2 survivors (4096K)
 Metaspace       used 33543K, committed 33856K, reserved 1081344K
  class space    used 4145K, committed 4288K, reserved 1048576K
}
Event: 1.703 GC heap after
{Heap after GC invocations=9 (full 0):
 garbage-first heap   total 155648K, used 15493K [0x0000000701400000, 0x0000000800000000)
  region size 2048K, 2 young (4096K), 2 survivors (4096K)
 Metaspace       used 33543K, committed 33856K, reserved 1081344K
  class space    used 4145K, committed 4288K, reserved 1048576K
}
Event: 1.884 GC heap before
{Heap before GC invocations=9 (full 0):
 garbage-first heap   total 155648K, used 25733K [0x0000000701400000, 0x0000000800000000)
  region size 2048K, 8 young (16384K), 2 survivors (4096K)
 Metaspace       used 35764K, committed 36096K, reserved 1081344K
  class space    used 4459K, committed 4608K, reserved 1048576K
}
Event: 1.886 GC heap after
{Heap after GC invocations=10 (full 0):
 garbage-first heap   total 155648K, used 16603K [0x0000000701400000, 0x0000000800000000)
  region size 2048K, 2 young (4096K), 2 survivors (4096K)
 Metaspace       used 35764K, committed 36096K, reserved 1081344K
  class space    used 4459K, committed 4608K, reserved 1048576K
}
Event: 2.377 GC heap before
{Heap before GC invocations=11 (full 0):
 garbage-first heap   total 69632K, used 53467K [0x0000000701400000, 0x0000000800000000)
  region size 2048K, 20 young (40960K), 2 survivors (4096K)
 Metaspace       used 45260K, committed 45760K, reserved 1089536K
  class space    used 5649K, committed 5888K, reserved 1048576K
}
Event: 2.380 GC heap after
{Heap after GC invocations=12 (full 0):
 garbage-first heap   total 69632K, used 19910K [0x0000000701400000, 0x0000000800000000)
  region size 2048K, 3 young (6144K), 3 survivors (6144K)
 Metaspace       used 45260K, committed 45760K, reserved 1089536K
  class space    used 5649K, committed 5888K, reserved 1048576K
}
Event: 2.755 GC heap before
{Heap before GC invocations=12 (full 0):
 garbage-first heap   total 69632K, used 48582K [0x0000000701400000, 0x0000000800000000)
  region size 2048K, 17 young (34816K), 3 survivors (6144K)
 Metaspace       used 51107K, committed 51584K, reserved 1097728K
  class space    used 6493K, committed 6720K, reserved 1048576K
}
Event: 2.758 GC heap after
{Heap after GC invocations=13 (full 0):
 garbage-first heap   total 69632K, used 22107K [0x0000000701400000, 0x0000000800000000)
  region size 2048K, 2 young (4096K), 2 survivors (4096K)
 Metaspace       used 51107K, committed 51584K, reserved 1097728K
  class space    used 6493K, committed 6720K, reserved 1048576K
}
Event: 3.040 GC heap before
{Heap before GC invocations=13 (full 0):
 garbage-first heap   total 69632K, used 46683K [0x0000000701400000, 0x0000000800000000)
  region size 2048K, 15 young (30720K), 2 survivors (4096K)
 Metaspace       used 56546K, committed 56960K, reserved 1105920K
  class space    used 7223K, committed 7424K, reserved 1048576K
}
Event: 3.042 GC heap after
{Heap after GC invocations=14 (full 0):
 garbage-first heap   total 69632K, used 23231K [0x0000000701400000, 0x0000000800000000)
  region size 2048K, 2 young (4096K), 2 survivors (4096K)
 Metaspace       used 56546K, committed 56960K, reserved 1105920K
  class space    used 7223K, committed 7424K, reserved 1048576K
}
Event: 3.179 GC heap before
{Heap before GC invocations=14 (full 0):
 garbage-first heap   total 69632K, used 33471K [0x0000000701400000, 0x0000000800000000)
  region size 2048K, 8 young (16384K), 2 survivors (4096K)
 Metaspace       used 60063K, committed 60480K, reserved 1105920K
  class space    used 7817K, committed 8000K, reserved 1048576K
}
Event: 3.182 GC heap after
{Heap after GC invocations=15 (full 0):
 garbage-first heap   total 69632K, used 23841K [0x0000000701400000, 0x0000000800000000)
  region size 2048K, 2 young (4096K), 2 survivors (4096K)
 Metaspace       used 60063K, committed 60480K, reserved 1105920K
  class space    used 7817K, committed 8000K, reserved 1048576K
}

