# JRE version: OpenJDK Runtime Environment Temurin-17.0.6+10 (17.0.6+10) (build 17.0.6+10)
# Java VM: OpenJDK 64-Bit Server VM Temurin-17.0.6+10 (17.0.6+10, mixed mode, tiered, compressed oops, compressed class ptrs, g1 gc, windows-amd64)
GC Precious Log:
 CPUs: 12 total, 12 available
 Memory: 16301M
 Large Page Support: Disabled
 NUMA Support: Disabled
 Compressed Oops: Enabled (Zero based)
 Heap Region Size: 2M
 Heap Min Capacity: 8M
 Heap Initial Capacity: 256M
 Heap Max Capacity: 4076M
 Pre-touch: Disabled
 Parallel Workers: 10
 Concurrent Workers: 3
 Concurrent Refinement Workers: 10
 Periodic GC: Disabled
Heap:
 garbage-first heap   total 186368K, used 127813K [0x0000000701400000, 0x0000000800000000)
  region size 2048K, 40 young (81920K), 3 survivors (6144K)
 Metaspace       used 98267K, committed 99136K, reserved 1138688K
  class space    used 11905K, committed 12352K, reserved 1048576K
GC Heap History (20 events):
Event: 720.521 GC heap after
{Heap after GC invocations=103 (full 12):
 garbage-first heap   total 122880K, used 38974K [0x0000000701400000, 0x0000000800000000)
  region size 2048K, 2 young (4096K), 2 survivors (4096K)
 Metaspace       used 96687K, committed 97600K, reserved 1138688K
  class space    used 11795K, committed 12224K, reserved 1048576K
}
Event: 720.601 GC heap before
{Heap before GC invocations=103 (full 12):
 garbage-first heap   total 122880K, used 90174K [0x0000000701400000, 0x0000000800000000)
  region size 2048K, 28 young (57344K), 2 survivors (4096K)
 Metaspace       used 96784K, committed 97600K, reserved 1138688K
  class space    used 11799K, committed 12224K, reserved 1048576K
}
Event: 720.605 GC heap after
{Heap after GC invocations=104 (full 12):
 garbage-first heap   total 122880K, used 46994K [0x0000000701400000, 0x0000000800000000)
  region size 2048K, 4 young (8192K), 4 survivors (8192K)
 Metaspace       used 96784K, committed 97600K, reserved 1138688K
  class space    used 11799K, committed 12224K, reserved 1048576K
}
Event: 720.650 GC heap before
{Heap before GC invocations=104 (full 12):
 garbage-first heap   total 122880K, used 90002K [0x0000000701400000, 0x0000000800000000)
  region size 2048K, 26 young (53248K), 4 survivors (8192K)
 Metaspace       used 96794K, committed 97600K, reserved 1138688K
  class space    used 11799K, committed 12224K, reserved 1048576K
}
Event: 720.652 GC heap after
{Heap after GC invocations=105 (full 12):
 garbage-first heap   total 153600K, used 50171K [0x0000000701400000, 0x0000000800000000)
  region size 2048K, 2 young (4096K), 2 survivors (4096K)
 Metaspace       used 96794K, committed 97600K, reserved 1138688K
  class space    used 11799K, committed 12224K, reserved 1048576K
}
Event: 720.706 GC heap before
{Heap before GC invocations=105 (full 12):
 garbage-first heap   total 153600K, used 107515K [0x0000000701400000, 0x0000000800000000)
  region size 2048K, 31 young (63488K), 2 survivors (4096K)
 Metaspace       used 96805K, committed 97600K, reserved 1138688K
  class space    used 11799K, committed 12224K, reserved 1048576K
}
Event: 720.708 GC heap after
{Heap after GC invocations=106 (full 12):
 garbage-first heap   total 153600K, used 53532K [0x0000000701400000, 0x0000000800000000)
  region size 2048K, 4 young (8192K), 4 survivors (8192K)
 Metaspace       used 96805K, committed 97600K, reserved 1138688K
  class space    used 11799K, committed 12224K, reserved 1048576K
}
Event: 745.847 GC heap before
{Heap before GC invocations=106 (full 12):
 garbage-first heap   total 153600K, used 98588K [0x0000000701400000, 0x0000000800000000)
  region size 2048K, 27 young (55296K), 4 survivors (8192K)
 Metaspace       used 96961K, committed 97856K, reserved 1138688K
  class space    used 11810K, committed 12288K, reserved 1048576K
}
Event: 745.884 GC heap after
{Heap after GC invocations=107 (full 13):
 garbage-first heap   total 131072K, used 33322K [0x0000000701400000, 0x0000000800000000)
  region size 2048K, 0 young (0K), 0 survivors (0K)
 Metaspace       used 96955K, committed 97856K, reserved 1138688K
  class space    used 11808K, committed 12288K, reserved 1048576K
}
Event: 746.129 GC heap before
{Heap before GC invocations=107 (full 13):
 garbage-first heap   total 131072K, used 90666K [0x0000000701400000, 0x0000000800000000)
  region size 2048K, 28 young (57344K), 0 survivors (0K)
 Metaspace       used 97389K, committed 98240K, reserved 1138688K
  class space    used 11844K, committed 12288K, reserved 1048576K
}
Event: 746.131 GC heap after
{Heap after GC invocations=108 (full 13):
 garbage-first heap   total 131072K, used 38064K [0x0000000701400000, 0x0000000800000000)
  region size 2048K, 3 young (6144K), 3 survivors (6144K)
 Metaspace       used 97389K, committed 98240K, reserved 1138688K
  class space    used 11844K, committed 12288K, reserved 1048576K
}
Event: 746.241 GC heap before
{Heap before GC invocations=108 (full 13):
 garbage-first heap   total 131072K, used 93360K [0x0000000701400000, 0x0000000800000000)
  region size 2048K, 30 young (61440K), 3 survivors (6144K)
 Metaspace       used 97891K, committed 98752K, reserved 1138688K
  class space    used 11879K, committed 12352K, reserved 1048576K
}
Event: 746.243 GC heap after
{Heap after GC invocations=109 (full 13):
 garbage-first heap   total 131072K, used 39694K [0x0000000701400000, 0x0000000800000000)
  region size 2048K, 2 young (4096K), 2 survivors (4096K)
 Metaspace       used 97891K, committed 98752K, reserved 1138688K
  class space    used 11879K, committed 12352K, reserved 1048576K
}
Event: 746.336 GC heap before
{Heap before GC invocations=109 (full 13):
 garbage-first heap   total 131072K, used 92942K [0x0000000701400000, 0x0000000800000000)
  region size 2048K, 29 young (59392K), 2 survivors (4096K)
 Metaspace       used 97966K, committed 98816K, reserved 1138688K
  class space    used 11882K, committed 12352K, reserved 1048576K
}
Event: 746.339 GC heap after
{Heap after GC invocations=110 (full 13):
 garbage-first heap   total 131072K, used 47100K [0x0000000701400000, 0x0000000800000000)
  region size 2048K, 4 young (8192K), 4 survivors (8192K)
 Metaspace       used 97966K, committed 98816K, reserved 1138688K
  class space    used 11882K, committed 12352K, reserved 1048576K
}
Event: 746.391 GC heap before
{Heap before GC invocations=110 (full 13):
 garbage-first heap   total 131072K, used 94204K [0x0000000701400000, 0x0000000800000000)
  region size 2048K, 27 young (55296K), 4 survivors (8192K)
 Metaspace       used 97971K, committed 98816K, reserved 1138688K
  class space    used 11882K, committed 12352K, reserved 1048576K
}
Event: 746.395 GC heap after
{Heap after GC invocations=111 (full 13):
 garbage-first heap   total 131072K, used 50647K [0x0000000701400000, 0x0000000800000000)
  region size 2048K, 2 young (4096K), 2 survivors (4096K)
 Metaspace       used 97971K, committed 98816K, reserved 1138688K
  class space    used 11882K, committed 12352K, reserved 1048576K
}
Event: 746.439 GC heap before
{Heap before GC invocations=111 (full 13):
 garbage-first heap   total 131072K, used 93655K [0x0000000701400000, 0x0000000800000000)
  region size 2048K, 24 young (49152K), 2 survivors (4096K)
 Metaspace       used 97975K, committed 98816K, reserved 1138688K
  class space    used 11882K, committed 12352K, reserved 1048576K
}
Event: 746.441 GC heap after
{Heap after GC invocations=112 (full 13):
 garbage-first heap   total 186368K, used 52319K [0x0000000701400000, 0x0000000800000000)
  region size 2048K, 3 young (6144K), 3 survivors (6144K)
 Metaspace       used 97975K, committed 98816K, reserved 1138688K
  class space    used 11882K, committed 12352K, reserved 1048576K
}
Event: 950.975 GC heap before
{Heap before GC invocations=112 (full 13):
 garbage-first heap   total 186368K, used 123999K [0x0000000701400000, 0x0000000800000000)
  region size 2048K, 40 young (81920K), 3 survivors (6144K)
 Metaspace       used 98267K, committed 99136K, reserved 1138688K
  class space    used 11905K, committed 12352K, reserved 1048576K
}

